.====================================================================.
                                                                      
 .d8888b.   .o8888b.   db  .d8888b.  d8888b. d88888b d8888b.  .d888b. 
.8P    Y8. d8P    Y8   88 .8P    Y8. 88  `8D 88'     88  `8D .8P , Y8.
88      88 8P      oooo88 88      88 88oooY' 88oooo  88oobY' 88  |  88
88      88 8b      ~~~~88 88      88 88~~~b. 88~~~~  88`8b   88  |/ 88
`8b    d8' Y8b    d8   88 `8b    d8' 88   8D 88.     88 `88. `8b | d8'
 `Y8888P'   `Y8888P'   YP  `Y8888P'  Y8888P' Y88888P 88   YD  `Y888P' 
                                                                      
`========================== INSTALLATION LOG ========================'

[2019/02/23 04:14:11] Host: Darwin Sahands-MBP 18.0.0 Darwin Kernel Version 18.0.0: Wed Aug 22 20:13:40 PDT 2018; root:xnu-4903.201.2~1/RELEASE_X86_64 x86_64
[2019/02/23 04:14:11] PHP version: 7.2.7
[2019/02/23 04:14:11] Server software: Apache/2.4.33 (Unix) OpenSSL/1.0.2o PHP/7.2.7 mod_perl/2.0.8-dev Perl/v5.16.3
[2019/02/23 04:14:11] Operating system: Darwin
[2019/02/23 04:14:11] Memory limit: 512M
[2019/02/23 04:14:11] Max execution time: 3600
.============================ POST REQUEST ==========================.
[2019/02/23 04:14:11] Postback payload: Array
(
    [code] => phpVersion
    [handler] => onCheckRequirement
)

[2019/02/23 04:14:11] System check: phpVersion
[2019/02/23 04:14:11] Requirement phpVersion +OK
[2019/02/23 04:14:11] Execute handler (onCheckRequirement): Array
(
    [result] => 1
)

.============================ POST REQUEST ==========================.
[2019/02/23 04:14:12] Postback payload: Array
(
    [code] => curlLibrary
    [handler] => onCheckRequirement
)

[2019/02/23 04:14:12] System check: curlLibrary
[2019/02/23 04:14:12] Requirement curlLibrary +OK
[2019/02/23 04:14:12] Execute handler (onCheckRequirement): Array
(
    [result] => 1
)

.============================ POST REQUEST ==========================.
[2019/02/23 04:14:12] Postback payload: Array
(
    [code] => liveConnection
    [handler] => onCheckRequirement
)

[2019/02/23 04:14:12] System check: liveConnection
[2019/02/23 04:14:14] Server request: ping
[2019/02/23 04:14:14] Request information: Array
(
    [url] => http://octobercms.com/api/ping
    [content_type] => application/json
    [http_code] => 200
    [header_size] => 361
    [request_size] => 175
    [filetime] => -1
    [ssl_verify_result] => 0
    [redirect_count] => 0
    [total_time] => 1.235915
    [namelookup_time] => 0.384517
    [connect_time] => 0.384782
    [pretransfer_time] => 0.384853
    [size_upload] => 44
    [size_download] => 12
    [speed_download] => 9
    [speed_upload] => 35
    [download_content_length] => 12
    [upload_content_length] => 44
    [starttransfer_time] => 1.235871
    [redirect_time] => 0
    [redirect_url] => 
    [primary_ip] => 127.0.0.1
    [certinfo] => Array
        (
        )

    [primary_port] => 5001
    [local_ip] => 127.0.0.1
    [local_port] => 52645
)

[2019/02/23 04:14:14] Requirement liveConnection +OK
[2019/02/23 04:14:14] Execute handler (onCheckRequirement): Array
(
    [result] => 1
)

.============================ POST REQUEST ==========================.
[2019/02/23 04:14:14] Postback payload: Array
(
    [code] => writePermission
    [handler] => onCheckRequirement
)

[2019/02/23 04:14:14] System check: writePermission
[2019/02/23 04:14:14] Requirement writePermission +OK
[2019/02/23 04:14:14] Execute handler (onCheckRequirement): Array
(
    [result] => 1
)

.============================ POST REQUEST ==========================.
[2019/02/23 04:14:15] Postback payload: Array
(
    [code] => pdoLibrary
    [handler] => onCheckRequirement
)

[2019/02/23 04:14:15] System check: pdoLibrary
[2019/02/23 04:14:15] Requirement pdoLibrary +OK
[2019/02/23 04:14:15] Execute handler (onCheckRequirement): Array
(
    [result] => 1
)

.============================ POST REQUEST ==========================.
[2019/02/23 04:14:15] Postback payload: Array
(
    [code] => mbstringLibrary
    [handler] => onCheckRequirement
)

[2019/02/23 04:14:15] System check: mbstringLibrary
[2019/02/23 04:14:15] Requirement mbstringLibrary +OK
[2019/02/23 04:14:15] Execute handler (onCheckRequirement): Array
(
    [result] => 1
)

.============================ POST REQUEST ==========================.
[2019/02/23 04:14:16] Postback payload: Array
(
    [code] => fileinfoLibrary
    [handler] => onCheckRequirement
)

[2019/02/23 04:14:16] System check: fileinfoLibrary
[2019/02/23 04:14:16] Requirement fileinfoLibrary +OK
[2019/02/23 04:14:16] Execute handler (onCheckRequirement): Array
(
    [result] => 1
)

.============================ POST REQUEST ==========================.
[2019/02/23 04:14:16] Postback payload: Array
(
    [code] => sslLibrary
    [handler] => onCheckRequirement
)

[2019/02/23 04:14:16] System check: sslLibrary
[2019/02/23 04:14:16] Requirement sslLibrary +OK
[2019/02/23 04:14:16] Execute handler (onCheckRequirement): Array
(
    [result] => 1
)

.============================ POST REQUEST ==========================.
[2019/02/23 04:14:17] Postback payload: Array
(
    [code] => zipLibrary
    [handler] => onCheckRequirement
)

[2019/02/23 04:14:17] System check: zipLibrary
[2019/02/23 04:14:17] Requirement zipLibrary +OK
[2019/02/23 04:14:17] Execute handler (onCheckRequirement): Array
(
    [result] => 1
)

.============================ POST REQUEST ==========================.
[2019/02/23 04:14:17] Postback payload: Array
(
    [code] => gdLibrary
    [handler] => onCheckRequirement
)

[2019/02/23 04:14:17] System check: gdLibrary
[2019/02/23 04:14:17] Requirement gdLibrary +OK
[2019/02/23 04:14:17] Execute handler (onCheckRequirement): Array
(
    [result] => 1
)

.============================ POST REQUEST ==========================.
[2019/02/23 04:15:32] Postback payload: Array
(
    [db_type] => mysql
    [db_host] => localhost
    [db_port] => 
    [db_name] => october
    [db_user] => root
    [db_pass] => *******
    [admin_first_name] => mohammad
    [admin_last_name] => VD
    [admin_email] => *******@*****.com
    [admin_login] => admin
    [admin_password] => *******
    [admin_confirm_password] => *******
    [backend_uri] => /backend
    [encryption_code] => *******
    [file_mask] => 777
    [folder_mask] => 777
    [handler] => onValidateDatabase
)

[2019/02/23 04:15:32] Handler error (onValidateDatabase): Database "october" is not empty. Please empty the database or specify another database.
[2019/02/23 04:15:32] Trace log:
#0 /Applications/XAMPP/xamppfiles/htdocs/october/install_files/php/Installer.php(48): Installer->onValidateDatabase()
#1 /Applications/XAMPP/xamppfiles/htdocs/october/install_files/php/boot.php(91): Installer->__construct()
#2 /Applications/XAMPP/xamppfiles/htdocs/october/install.php(1): include('/Applications/X...')
#3 {main}
.============================ POST REQUEST ==========================.
[2019/02/23 04:16:14] Postback payload: Array
(
    [db_type] => mysql
    [db_host] => localhost
    [db_port] => 
    [db_name] => october
    [db_user] => root
    [db_pass] => *******
    [admin_first_name] => mohammad
    [admin_last_name] => VD
    [admin_email] => *******@*****.com
    [admin_login] => admin
    [admin_password] => *******
    [admin_confirm_password] => *******
    [backend_uri] => /backend
    [encryption_code] => *******
    [file_mask] => 777
    [folder_mask] => 777
    [handler] => onValidateDatabase
)

.============================ POST REQUEST ==========================.
[2019/02/23 04:16:15] Postback payload: Array
(
    [db_type] => mysql
    [db_host] => localhost
    [db_port] => 
    [db_name] => october
    [db_user] => root
    [db_pass] => *******
    [admin_first_name] => mohammad
    [admin_last_name] => VD
    [admin_email] => *******@*****.com
    [admin_login] => admin
    [admin_password] => *******
    [admin_confirm_password] => *******
    [backend_uri] => /backend
    [encryption_code] => *******
    [file_mask] => 777
    [folder_mask] => 777
    [handler] => onValidateAdminAccount
)

.============================ POST REQUEST ==========================.
[2019/02/23 04:16:15] Postback payload: Array
(
    [db_type] => mysql
    [db_host] => localhost
    [db_port] => 
    [db_name] => october
    [db_user] => root
    [db_pass] => *******
    [admin_first_name] => mohammad
    [admin_last_name] => VD
    [admin_email] => *******@*****.com
    [admin_login] => admin
    [admin_password] => *******
    [admin_confirm_password] => *******
    [backend_uri] => /backend
    [encryption_code] => *******
    [file_mask] => 777
    [folder_mask] => 777
    [handler] => onValidateAdvancedConfig
)

.============================ POST REQUEST ==========================.
[2019/02/23 04:16:20] Postback payload: Array
(
    [handler] => onGetPopularThemes
)

[2019/02/23 04:16:21] Server request: theme/popular
[2019/02/23 04:16:21] Request information: Array
(
    [url] => http://octobercms.com/api/theme/popular
    [content_type] => application/json
    [http_code] => 200
    [header_size] => 363
    [request_size] => 184
    [filetime] => -1
    [ssl_verify_result] => 0
    [redirect_count] => 0
    [total_time] => 0.738104
    [namelookup_time] => 0.00926
    [connect_time] => 0.009506
    [pretransfer_time] => 0.009552
    [size_upload] => 44
    [size_download] => 3875
    [speed_download] => 5249
    [speed_upload] => 59
    [download_content_length] => 3875
    [upload_content_length] => 44
    [starttransfer_time] => 0.738048
    [redirect_time] => 0
    [redirect_url] => 
    [primary_ip] => 127.0.0.1
    [certinfo] => Array
        (
        )

    [primary_port] => 5001
    [local_ip] => 127.0.0.1
    [local_port] => 52804
)

[2019/02/23 04:16:21] Execute handler (onGetPopularThemes): Array
(
    [0] => Array
        (
            [name] => Clean Blog
            [description] => Clean blogger theme.
            [code] => Responsiv.Clean
            [updated_at] => 2019-02-23 05:28:04
            [image] => //octobercms.com/storage/app/uploads/public/58e/304/7a4/thumb_6978_210_140_0_0_crop.png
            [author] => Responsiv Internet
            [hash] => 07e5b7066168a94349ac92018770c2e8
            [demo_url] => http://daftspunk.com/
            [product_url] => http://octobercms.com/theme/responsiv-clean
        )

    [1] => Array
        (
            [name] => New Age
            [description] => Landing page for mobile apps
            [code] => VojtaSvoboda.newage
            [updated_at] => 2019-02-21 04:56:14
            [image] => //octobercms.com/storage/app/uploads/public/580/7eb/dc9/thumb_5770_210_140_0_0_crop.png
            [author] => Vojta Svoboda
            [hash] => 09d9e47e64a2ed47dc35146a792008c2
            [demo_url] => https://blackrockdigital.github.io/startbootstrap-new-age/
            [product_url] => http://octobercms.com/theme/vojtasvoboda-newage
        )

    [2] => Array
        (
            [name] => Stellar
            [description] => a clean, responsive one page and blog theme
            [code] => Zwiebl.zwiebl_stellar
            [updated_at] => 2019-02-22 16:34:07
            [image] => //octobercms.com/storage/app/uploads/public/57e/bb4/fe9/thumb_5641_210_140_0_0_crop.png
            [author] => Alpen.Space
            [hash] => 19345446d87ad08e6937503019a43fd9
            [demo_url] => https://demo-stellar.alpen.space/
            [product_url] => http://octobercms.com/theme/zwiebl-zwiebl-stellar
        )

    [3] => Array
        (
            [name] => Blank Bootstrap 4
            [description] => A blank Bootstrap 4 template
            [code] => Hambern.hambern-blank-bootstrap-4
            [updated_at] => 2019-02-18 13:15:24
            [image] => //octobercms.com/storage/app/uploads/public/57b/9ba/c48/thumb_5365_210_140_0_0_crop.png
            [author] => Mattias Hamberg
            [hash] => 9a6762de633774de2cebf69a88f290d1
            [demo_url] => 
            [product_url] => http://octobercms.com/theme/hambern-hambern-blank-bootstrap-4
        )

    [4] => Array
        (
            [name] => Bonjour
            [description] => A sample multi-lingual theme for translated content.
            [code] => RainLab.Bonjour
            [updated_at] => 2019-02-23 05:28:04
            [image] => //octobercms.com/storage/app/uploads/public/577/9df/850/thumb_4911_210_140_0_0_crop.png
            [author] => RainLab
            [hash] => f1084f81e0e1c5c8d22317794292deb3
            [demo_url] => 
            [product_url] => http://octobercms.com/theme/rainlab-bonjour
        )

    [5] => Array
        (
            [name] => Viola
            [description] => One Page Theme based on Bootstrap 4 with different color schemes, scss files included
            [code] => JumpLink.Viola
            [updated_at] => 2019-02-18 13:15:24
            [image] => //octobercms.com/storage/app/uploads/public/574/6af/435/thumb_4705_210_140_0_0_crop.png
            [author] => JumpLink
            [hash] => fe09a3915724fcc241e0e5914c8ea346
            [demo_url] => http://healthyteeth.jumplink.eu/
            [product_url] => http://octobercms.com/theme/jumplink-viola
        )

    [6] => Array
        (
            [name] => Relax
            [description] => A fictional site called House of Chairs that demonstrates how to build a client-friendly website.
            [code] => RainLab.Relax
            [updated_at] => 2019-02-23 05:28:04
            [image] => //octobercms.com/storage/app/uploads/public/559/49e/2da/thumb_2585_210_140_0_0_crop.png
            [author] => RainLab
            [hash] => a35c64b09ad6347b8a226291e5b8fd75
            [demo_url] => 
            [product_url] => http://octobercms.com/theme/rainlab-relax
        )

    [7] => Array
        (
            [name] => Vanilla
            [description] => A plain starter template that implements account management, a blog and community forum.
            [code] => RainLab.Vanilla
            [updated_at] => 2019-02-23 05:28:04
            [image] => //octobercms.com/storage/app/uploads/public/552/da4/0f8/thumb_2106_210_140_0_0_crop.png
            [author] => RainLab
            [hash] => 4b893d1c085a298e9b9b1d13635a675f
            [demo_url] => 
            [product_url] => http://octobercms.com/theme/rainlab-vanilla
        )

    [8] => Array
        (
            [name] => Flat UI
            [description] => A theme that uses a Flat user-interface and has no dependencies on others plugins.
            [code] => Responsiv.Flat
            [updated_at] => 2019-02-21 07:19:50
            [image] => //octobercms.com/storage/app/uploads/public/53d/084/fbc/thumb_543_210_140_0_0_crop.png
            [author] => Responsiv Internet
            [hash] => 3b3994c2c50d1b0f49a0725d764c12e8
            [demo_url] => 
            [product_url] => http://octobercms.com/theme/responsiv-flat
        )

)

.============================ POST REQUEST ==========================.
[2019/02/23 04:16:34] Postback payload: Array
(
    [name] => Responsiv.Clean
    [handler] => onThemeDetails
)

[2019/02/23 04:16:35] Server request: theme/detail
[2019/02/23 04:16:35] Request information: Array
(
    [url] => http://octobercms.com/api/theme/detail
    [content_type] => application/json
    [http_code] => 200
    [header_size] => 362
    [request_size] => 204
    [filetime] => -1
    [ssl_verify_result] => 0
    [redirect_count] => 0
    [total_time] => 0.724611
    [namelookup_time] => 0.007611
    [connect_time] => 0.00784
    [pretransfer_time] => 0.007909
    [size_upload] => 65
    [size_download] => 664
    [speed_download] => 916
    [speed_upload] => 89
    [download_content_length] => 664
    [upload_content_length] => 65
    [starttransfer_time] => 0.724564
    [redirect_time] => 0
    [redirect_url] => 
    [primary_ip] => 127.0.0.1
    [certinfo] => Array
        (
        )

    [primary_port] => 5001
    [local_ip] => 127.0.0.1
    [local_port] => 52837
)

[2019/02/23 04:16:35] Execute handler (onThemeDetails): Array
(
    [name] => Clean Blog
    [description] => Clean blogger theme.
    [code] => Responsiv.Clean
    [updated_at] => 2019-02-23 05:28:04
    [image] => //octobercms.com/storage/app/uploads/public/58e/304/7a4/thumb_6978_210_140_0_0_crop.png
    [author] => Responsiv Internet
    [hash] => 07e5b7066168a94349ac92018770c2e8
    [demo_url] => http://daftspunk.com/
    [product_url] => http://octobercms.com/theme/responsiv-clean
    [require] => Array
        (
            [0] => Array
                (
                    [name] => Blog
                    [description] => A robust blogging platform.
                    [code] => RainLab.Blog
                    [updated_at] => 2019-02-23 07:15:12
                    [image] => http://placehold.it/64x64
                    [author] => October
                    [hash] => 0b6eaf74c999eb254549d1b1ab90aaa3
                    [demo_url] => 
                    [product_url] => 
                )

        )

)

.============================ POST REQUEST ==========================.
[2019/02/23 04:16:35] Postback payload: Array
(
    [step] => getMetaData
    [meta] => 
    [plugins] => Array
        (
            [0] => Array
                (
                    [name] => Blog
                    [description] => A robust blogging platform.
                    [code] => RainLab.Blog
                    [updated_at] => 2019-02-23 07:15:12
                    [image] => http://placehold.it/64x64
                    [author] => October
                    [hash] => 0b6eaf74c999eb254549d1b1ab90aaa3
                    [demo_url] => 
                    [product_url] => 
                )

        )

    [themes] => Array
        (
            [0] => Array
                (
                    [name] => Clean Blog
                    [description] => Clean blogger theme.
                    [code] => Responsiv.Clean
                    [updated_at] => 2019-02-23 05:28:04
                    [image] => //octobercms.com/storage/app/uploads/public/58e/304/7a4/thumb_6978_210_140_0_0_crop.png
                    [author] => Responsiv Internet
                    [hash] => 07e5b7066168a94349ac92018770c2e8
                    [demo_url] => http://daftspunk.com/
                    [product_url] => http://octobercms.com/theme/responsiv-clean
                    [require] => Array
                        (
                            [0] => Array
                                (
                                    [name] => Blog
                                    [description] => A robust blogging platform.
                                    [code] => RainLab.Blog
                                    [updated_at] => 2019-02-23 07:15:12
                                    [image] => http://placehold.it/64x64
                                    [author] => October
                                    [hash] => 0b6eaf74c999eb254549d1b1ab90aaa3
                                    [demo_url] => 
                                    [product_url] => 
                                )

                        )

                )

        )

    [handler] => onInstallStep
)

[2019/02/23 04:16:35] Install step: getMetaData
[2019/02/23 04:16:38] Server request: core/install
[2019/02/23 04:16:38] Request information: Array
(
    [url] => http://octobercms.com/api/core/install
    [content_type] => application/json
    [http_code] => 200
    [header_size] => 362
    [request_size] => 242
    [filetime] => -1
    [ssl_verify_result] => 0
    [redirect_count] => 0
    [total_time] => 3.655861
    [namelookup_time] => 7.7E-5
    [connect_time] => 0.000602
    [pretransfer_time] => 0.000726
    [size_upload] => 102
    [size_download] => 233
    [speed_download] => 63
    [speed_upload] => 27
    [download_content_length] => 233
    [upload_content_length] => 102
    [starttransfer_time] => 3.655834
    [redirect_time] => 0
    [redirect_url] => 
    [primary_ip] => 127.0.0.1
    [certinfo] => Array
        (
        )

    [primary_port] => 5001
    [local_ip] => 127.0.0.1
    [local_port] => 52839
)

[2019/02/23 04:16:38] Step getMetaData +OK
[2019/02/23 04:16:38] Execute handler (onInstallStep): Array
(
    [result] => Array
        (
            [core] => Array
                (
                    [hash] => d1028fbd034b2639b0d2ca0869002836
                    [build] => 446
                    [uhash] => b4b79ec07b137e6c84605ac76f616781
                )

            [plugins] => Array
                (
                    [RainLab.Blog] => 0b6eaf74c999eb254549d1b1ab90aaa3
                )

            [themes] => Array
                (
                    [Responsiv.Clean] => 07e5b7066168a94349ac92018770c2e8
                )

        )

)

.============================ POST REQUEST ==========================.
[2019/02/23 04:16:39] Postback payload: Array
(
    [step] => downloadCore
    [meta] => Array
        (
            [core] => Array
                (
                    [hash] => d1028fbd034b2639b0d2ca0869002836
                    [build] => 446
                    [uhash] => b4b79ec07b137e6c84605ac76f616781
                )

            [plugins] => Array
                (
                    [RainLab.Blog] => 0b6eaf74c999eb254549d1b1ab90aaa3
                )

            [themes] => Array
                (
                    [Responsiv.Clean] => 07e5b7066168a94349ac92018770c2e8
                )

        )

    [handler] => onInstallStep
)

[2019/02/23 04:16:39] Install step: downloadCore
[2019/02/23 04:16:42] Saving to file (core): /Applications/XAMPP/xamppfiles/htdocs/october/install_files/temp/a74ad8dfacd4f985eb3977517615ce25.arc
[2019/02/23 04:16:42] Step downloadCore +OK
[2019/02/23 04:16:42] Execute handler (onInstallStep): Array
(
    [result] => 
)

.============================ POST REQUEST ==========================.
[2019/02/23 04:16:42] Postback payload: Array
(
    [step] => downloadPlugin
    [meta] => Array
        (
            [core] => Array
                (
                    [hash] => d1028fbd034b2639b0d2ca0869002836
                    [build] => 446
                    [uhash] => b4b79ec07b137e6c84605ac76f616781
                )

            [plugins] => Array
                (
                    [RainLab.Blog] => 0b6eaf74c999eb254549d1b1ab90aaa3
                )

            [themes] => Array
                (
                    [Responsiv.Clean] => 07e5b7066168a94349ac92018770c2e8
                )

        )

    [name] => RainLab.Blog
    [handler] => onInstallStep
)

[2019/02/23 04:16:42] Install step: downloadPlugin
[2019/02/23 04:16:43] Saving to file (RainLab.Blog-plugin): /Applications/XAMPP/xamppfiles/htdocs/october/install_files/temp/33b538b0804bdcfce25684369ded882c.arc
[2019/02/23 04:16:43] Step downloadPlugin +OK
[2019/02/23 04:16:43] Execute handler (onInstallStep): Array
(
    [result] => 
)

.============================ POST REQUEST ==========================.
[2019/02/23 04:16:44] Postback payload: Array
(
    [step] => downloadTheme
    [meta] => Array
        (
            [core] => Array
                (
                    [hash] => d1028fbd034b2639b0d2ca0869002836
                    [build] => 446
                    [uhash] => b4b79ec07b137e6c84605ac76f616781
                )

            [plugins] => Array
                (
                    [RainLab.Blog] => 0b6eaf74c999eb254549d1b1ab90aaa3
                )

            [themes] => Array
                (
                    [Responsiv.Clean] => 07e5b7066168a94349ac92018770c2e8
                )

        )

    [name] => Responsiv.Clean
    [handler] => onInstallStep
)

[2019/02/23 04:16:44] Install step: downloadTheme
[2019/02/23 04:16:45] Saving to file (Responsiv.Clean-theme): /Applications/XAMPP/xamppfiles/htdocs/october/install_files/temp/50b424b156f0b335ba87925d2ea83f82.arc
[2019/02/23 04:16:45] Step downloadTheme +OK
[2019/02/23 04:16:45] Execute handler (onInstallStep): Array
(
    [result] => 
)

.============================ POST REQUEST ==========================.
[2019/02/23 04:16:46] Postback payload: Array
(
    [step] => extractCore
    [meta] => Array
        (
            [core] => Array
                (
                    [hash] => d1028fbd034b2639b0d2ca0869002836
                    [build] => 446
                    [uhash] => b4b79ec07b137e6c84605ac76f616781
                )

            [plugins] => Array
                (
                    [RainLab.Blog] => 0b6eaf74c999eb254549d1b1ab90aaa3
                )

            [themes] => Array
                (
                    [Responsiv.Clean] => 07e5b7066168a94349ac92018770c2e8
                )

        )

    [handler] => onInstallStep
)

[2019/02/23 04:16:46] Install step: extractCore
[2019/02/23 04:16:46] Extracting file (core): a74ad8dfacd4f985eb3977517615ce25.arc
[2019/02/23 04:16:49] Step extractCore +OK
[2019/02/23 04:16:49] Execute handler (onInstallStep): Array
(
    [result] => 1
)

.============================ POST REQUEST ==========================.
[2019/02/23 04:16:50] Postback payload: Array
(
    [step] => extractPlugin
    [meta] => Array
        (
            [core] => Array
                (
                    [hash] => d1028fbd034b2639b0d2ca0869002836
                    [build] => 446
                    [uhash] => b4b79ec07b137e6c84605ac76f616781
                )

            [plugins] => Array
                (
                    [RainLab.Blog] => 0b6eaf74c999eb254549d1b1ab90aaa3
                )

            [themes] => Array
                (
                    [Responsiv.Clean] => 07e5b7066168a94349ac92018770c2e8
                )

        )

    [name] => RainLab.Blog
    [handler] => onInstallStep
)

[2019/02/23 04:16:50] Install step: extractPlugin
[2019/02/23 04:16:50] Extracting file (RainLab.Blog-plugin): 33b538b0804bdcfce25684369ded882c.arc
[2019/02/23 04:16:50] Step extractPlugin +OK
[2019/02/23 04:16:50] Execute handler (onInstallStep): Array
(
    [result] => 1
)

.============================ POST REQUEST ==========================.
[2019/02/23 04:16:51] Postback payload: Array
(
    [step] => extractTheme
    [meta] => Array
        (
            [core] => Array
                (
                    [hash] => d1028fbd034b2639b0d2ca0869002836
                    [build] => 446
                    [uhash] => b4b79ec07b137e6c84605ac76f616781
                )

            [plugins] => Array
                (
                    [RainLab.Blog] => 0b6eaf74c999eb254549d1b1ab90aaa3
                )

            [themes] => Array
                (
                    [Responsiv.Clean] => 07e5b7066168a94349ac92018770c2e8
                )

        )

    [name] => Responsiv.Clean
    [handler] => onInstallStep
)

[2019/02/23 04:16:51] Install step: extractTheme
[2019/02/23 04:16:51] Extracting file (Responsiv.Clean-theme): 50b424b156f0b335ba87925d2ea83f82.arc
[2019/02/23 04:16:51] Step extractTheme +OK
[2019/02/23 04:16:51] Execute handler (onInstallStep): Array
(
    [result] => 1
)

.============================ POST REQUEST ==========================.
[2019/02/23 04:16:52] Postback payload: Array
(
    [step] => setupConfig
    [meta] => Array
        (
            [core] => Array
                (
                    [hash] => d1028fbd034b2639b0d2ca0869002836
                    [build] => 446
                    [uhash] => b4b79ec07b137e6c84605ac76f616781
                )

            [plugins] => Array
                (
                    [RainLab.Blog] => 0b6eaf74c999eb254549d1b1ab90aaa3
                )

            [themes] => Array
                (
                    [Responsiv.Clean] => 07e5b7066168a94349ac92018770c2e8
                )

        )

    [db_type] => mysql
    [db_host] => localhost
    [db_port] => 
    [db_name] => october
    [db_user] => root
    [db_pass] => *******
    [admin_first_name] => mohammad
    [admin_last_name] => VD
    [admin_email] => *******@*****.com
    [admin_login] => admin
    [admin_password] => *******
    [admin_confirm_password] => *******
    [backend_uri] => /backend
    [encryption_code] => *******
    [file_mask] => 777
    [folder_mask] => 777
    [active_theme] => Responsiv.Clean
    [handler] => onInstallStep
)

[2019/02/23 04:16:52] Install step: setupConfig
[2019/02/23 03:16:52] Step setupConfig +OK
[2019/02/23 03:16:52] Execute handler (onInstallStep): Array
(
    [result] => 
)

.============================ POST REQUEST ==========================.
[2019/02/23 04:16:53] Postback payload: Array
(
    [step] => createAdmin
    [meta] => Array
        (
            [core] => Array
                (
                    [hash] => d1028fbd034b2639b0d2ca0869002836
                    [build] => 446
                    [uhash] => b4b79ec07b137e6c84605ac76f616781
                )

            [plugins] => Array
                (
                    [RainLab.Blog] => 0b6eaf74c999eb254549d1b1ab90aaa3
                )

            [themes] => Array
                (
                    [Responsiv.Clean] => 07e5b7066168a94349ac92018770c2e8
                )

        )

    [db_type] => mysql
    [db_host] => localhost
    [db_port] => 
    [db_name] => october
    [db_user] => root
    [db_pass] => *******
    [admin_first_name] => mohammad
    [admin_last_name] => VD
    [admin_email] => *******@*****.com
    [admin_login] => admin
    [admin_password] => *******
    [admin_confirm_password] => *******
    [backend_uri] => /backend
    [encryption_code] => *******
    [file_mask] => 777
    [folder_mask] => 777
    [active_theme] => Responsiv.Clean
    [handler] => onInstallStep
)

[2019/02/23 04:16:53] Install step: createAdmin
[2019/02/23 03:16:55] Step createAdmin +OK
[2019/02/23 03:16:55] Execute handler (onInstallStep): Array
(
    [result] => 
)

.============================ POST REQUEST ==========================.
[2019/02/23 04:16:56] Postback payload: Array
(
    [disableLog] => 1
)

[2019/02/23 04:16:56] Install step: setupProject
[2019/02/23 04:16:56] Step setupProject +OK
[2019/02/23 04:16:56] Execute handler (onInstallStep): Array
(
    [result] => 
)

.============================ POST REQUEST ==========================.
[2019/02/23 04:16:57] Postback payload: Array
(
    [step] => finishInstall
    [meta] => Array
        (
            [core] => Array
                (
                    [hash] => d1028fbd034b2639b0d2ca0869002836
                    [build] => 446
                    [uhash] => b4b79ec07b137e6c84605ac76f616781
                )

            [plugins] => Array
                (
                    [RainLab.Blog] => 0b6eaf74c999eb254549d1b1ab90aaa3
                )

            [themes] => Array
                (
                    [Responsiv.Clean] => 07e5b7066168a94349ac92018770c2e8
                )

        )

    [hash] => d1028fbd034b2639b0d2ca0869002836
    [build] => 446
    [uhash] => b4b79ec07b137e6c84605ac76f616781
    [handler] => onInstallStep
)

[2019/02/23 04:16:57] Install step: finishInstall
[2019/02/23 03:16:57] Cleaning up file: 50b424b156f0b335ba87925d2ea83f82.arc
[2019/02/23 03:16:57] Cleaning up file: a74ad8dfacd4f985eb3977517615ce25.arc
[2019/02/23 03:16:57] Cleaning up file: 33b538b0804bdcfce25684369ded882c.arc
[2019/02/23 03:16:57] Step finishInstall +OK
[2019/02/23 03:16:57] Execute handler (onInstallStep): Array
(
    [result] => 
)

